# JRE version: OpenJDK Runtime Environment (8.0_152-b01) (build 1.8.0_152-release-1024-b01)
# Java VM: OpenJDK 64-Bit Server VM (25.152-b01 mixed mode bsd-amd64 compressed oops)
Heap:
 PSYoungGen      total 335360K, used 216434K [0x00000007a0000000, 0x00000007b6880000, 0x00000007c0000000)
  eden space 313344K, 66% used [0x00000007a0000000,0x00000007aca4eb88,0x00000007b3200000)
  from space 22016K, 42% used [0x00000007b3200000,0x00000007b3b0dc90,0x00000007b4780000)
  to   space 21504K, 0% used [0x00000007b5380000,0x00000007b5380000,0x00000007b6880000)
 ParOldGen       total 189952K, used 57142K [0x0000000760000000, 0x000000076b980000, 0x00000007a0000000)
  object space 189952K, 30% used [0x0000000760000000,0x00000007637cda38,0x000000076b980000)
 Metaspace       used 93074K, capacity 98642K, committed 100140K, reserved 1136640K
  class space    used 11503K, capacity 12481K, committed 12844K, reserved 1048576K
GC Heap History (10 events):
Event: 7568.737 GC heap before
{Heap before GC invocations=39 (full 4):
 PSYoungGen      total 295936K, used 276480K [0x00000007a0000000, 0x00000007b3f00000, 0x00000007c0000000)
  eden space 276480K, 100% used [0x00000007a0000000,0x00000007b0e00000,0x00000007b0e00000)
  from space 19456K, 0% used [0x00000007b2c00000,0x00000007b2c00000,0x00000007b3f00000)
  to   space 25088K, 0% used [0x00000007b0e00000,0x00000007b0e00000,0x00000007b2680000)
 ParOldGen       total 189952K, used 57102K [0x0000000760000000, 0x000000076b980000, 0x00000007a0000000)
  object space 189952K, 30% used [0x0000000760000000,0x00000007637c3a38,0x000000076b980000)
 Metaspace       used 92000K, capacity 97494K, committed 99372K, reserved 1136640K
  class space    used 11473K, capacity 12417K, committed 12844K, reserved 1048576K
Event: 7568.813 GC heap after
Heap after GC invocations=39 (full 4):
 PSYoungGen      total 301568K, used 12459K [0x00000007a0000000, 0x00000007b5680000, 0x00000007c0000000)
  eden space 276480K, 0% used [0x00000007a0000000,0x00000007a0000000,0x00000007b0e00000)
  from space 25088K, 49% used [0x00000007b0e00000,0x00000007b1a2af30,0x00000007b2680000)
  to   space 24064K, 0% used [0x00000007b3f00000,0x00000007b3f00000,0x00000007b5680000)
 ParOldGen       total 189952K, used 57110K [0x0000000760000000, 0x000000076b980000, 0x00000007a0000000)
  object space 189952K, 30% used [0x0000000760000000,0x00000007637c5a38,0x000000076b980000)
 Metaspace       used 92000K, capacity 97494K, committed 99372K, reserved 1136640K
  class space    used 11473K, capacity 12417K, committed 12844K, reserved 1048576K
}
Event: 8276.272 GC heap before
{Heap before GC invocations=40 (full 4):
 PSYoungGen      total 301568K, used 288939K [0x00000007a0000000, 0x00000007b5680000, 0x00000007c0000000)
  eden space 276480K, 100% used [0x00000007a0000000,0x00000007b0e00000,0x00000007b0e00000)
  from space 25088K, 49% used [0x00000007b0e00000,0x00000007b1a2af30,0x00000007b2680000)
  to   space 24064K, 0% used [0x00000007b3f00000,0x00000007b3f00000,0x00000007b5680000)
 ParOldGen       total 189952K, used 57110K [0x0000000760000000, 0x000000076b980000, 0x00000007a0000000)
  object space 189952K, 30% used [0x0000000760000000,0x00000007637c5a38,0x000000076b980000)
 Metaspace       used 92255K, capacity 97732K, committed 99372K, reserved 1136640K
  class space    used 11482K, capacity 12434K, committed 12844K, reserved 1048576K
Event: 8276.364 GC heap after
Heap after GC invocations=40 (full 4):
 PSYoungGen      total 316416K, used 6247K [0x00000007a0000000, 0x00000007b5100000, 0x00000007c0000000)
  eden space 297984K, 0% used [0x00000007a0000000,0x00000007a0000000,0x00000007b2300000)
  from space 18432K, 33% used [0x00000007b3f00000,0x00000007b4519c90,0x00000007b5100000)
  to   space 23552K, 0% used [0x00000007b2300000,0x00000007b2300000,0x00000007b3a00000)
 ParOldGen       total 189952K, used 57118K [0x0000000760000000, 0x000000076b980000, 0x00000007a0000000)
  object space 189952K, 30% used [0x0000000760000000,0x00000007637c7a38,0x000000076b980000)
 Metaspace       used 92255K, capacity 97732K, committed 99372K, reserved 1136640K
  class space    used 11482K, capacity 12434K, committed 12844K, reserved 1048576K
}
Event: 8841.977 GC heap before
{Heap before GC invocations=41 (full 4):
 PSYoungGen      total 316416K, used 304231K [0x00000007a0000000, 0x00000007b5100000, 0x00000007c0000000)
  eden space 297984K, 100% used [0x00000007a0000000,0x00000007b2300000,0x00000007b2300000)
  from space 18432K, 33% used [0x00000007b3f00000,0x00000007b4519c90,0x00000007b5100000)
  to   space 23552K, 0% used [0x00000007b2300000,0x00000007b2300000,0x00000007b3a00000)
 ParOldGen       total 189952K, used 57118K [0x0000000760000000, 0x000000076b980000, 0x00000007a0000000)
  object space 189952K, 30% used [0x0000000760000000,0x00000007637c7a38,0x000000076b980000)
 Metaspace       used 92417K, capacity 97908K, committed 99628K, reserved 1136640K
  class space    used 11486K, capacity 12442K, committed 12844K, reserved 1048576K
Event: 8842.031 GC heap after
Heap after GC invocations=41 (full 4):
 PSYoungGen      total 321536K, used 10358K [0x00000007a0000000, 0x00000007b6180000, 0x00000007c0000000)
  eden space 297984K, 0% used [0x00000007a0000000,0x00000007a0000000,0x00000007b2300000)
  from space 23552K, 43% used [0x00000007b2300000,0x00000007b2d1d990,0x00000007b3a00000)
  to   space 22528K, 0% used [0x00000007b4b80000,0x00000007b4b80000,0x00000007b6180000)
 ParOldGen       total 189952K, used 57126K [0x0000000760000000, 0x000000076b980000, 0x00000007a0000000)
  object space 189952K, 30% used [0x0000000760000000,0x00000007637c9a38,0x000000076b980000)
 Metaspace       used 92417K, capacity 97908K, committed 99628K, reserved 1136640K
  class space    used 11486K, capacity 12442K, committed 12844K, reserved 1048576K
}
Event: 9261.468 GC heap before
{Heap before GC invocations=42 (full 4):
 PSYoungGen      total 321536K, used 308342K [0x00000007a0000000, 0x00000007b6180000, 0x00000007c0000000)
  eden space 297984K, 100% used [0x00000007a0000000,0x00000007b2300000,0x00000007b2300000)
  from space 23552K, 43% used [0x00000007b2300000,0x00000007b2d1d990,0x00000007b3a00000)
  to   space 22528K, 0% used [0x00000007b4b80000,0x00000007b4b80000,0x00000007b6180000)
 ParOldGen       total 189952K, used 57126K [0x0000000760000000, 0x000000076b980000, 0x00000007a0000000)
  object space 189952K, 30% used [0x0000000760000000,0x00000007637c9a38,0x000000076b980000)
 Metaspace       used 92596K, capacity 98146K, committed 99884K, reserved 1136640K
  class space    used 11490K, capacity 12449K, committed 12844K, reserved 1048576K
Event: 9261.543 GC heap after
Heap after GC invocations=42 (full 4):
 PSYoungGen      total 331264K, used 8994K [0x00000007a0000000, 0x00000007b5d00000, 0x00000007c0000000)
  eden space 313344K, 0% used [0x00000007a0000000,0x00000007a0000000,0x00000007b3200000)
  from space 17920K, 50% used [0x00000007b4b80000,0x00000007b5448850,0x00000007b5d00000)
  to   space 22016K, 0% used [0x00000007b3200000,0x00000007b3200000,0x00000007b4780000)
 ParOldGen       total 189952K, used 57134K [0x0000000760000000, 0x000000076b980000, 0x00000007a0000000)
  object space 189952K, 30% used [0x0000000760000000,0x00000007637cba38,0x000000076b980000)
 Metaspace       used 92596K, capacity 98146K, committed 99884K, reserved 1136640K
  class space    used 11490K, capacity 12449K, committed 12844K, reserved 1048576K
}
Event: 10785.143 GC heap before
{Heap before GC invocations=43 (full 4):
 PSYoungGen      total 331264K, used 322338K [0x00000007a0000000, 0x00000007b5d00000, 0x00000007c0000000)
  eden space 313344K, 100% used [0x00000007a0000000,0x00000007b3200000,0x00000007b3200000)
  from space 17920K, 50% used [0x00000007b4b80000,0x00000007b5448850,0x00000007b5d00000)
  to   space 22016K, 0% used [0x00000007b3200000,0x00000007b3200000,0x00000007b4780000)
 ParOldGen       total 189952K, used 57134K [0x0000000760000000, 0x000000076b980000, 0x00000007a0000000)
  object space 189952K, 30% used [0x0000000760000000,0x00000007637cba38,0x000000076b980000)
 Metaspace       used 92733K, capacity 98278K, committed 99884K, reserved 1136640K
  class space    used 11492K, capacity 12449K, committed 12844K, reserved 1048576K
Event: 10785.209 GC heap after
Heap after GC invocations=43 (full 4):
 PSYoungGen      total 335360K, used 9271K [0x00000007a0000000, 0x00000007b6880000, 0x00000007c0000000)
  eden space 313344K, 0% used [0x00000007a0000000,0x00000007a0000000,0x00000007b3200000)
  from space 22016K, 42% used [0x00000007b3200000,0x00000007b3b0dc90,0x00000007b4780000)
  to   space 21504K, 0% used [0x00000007b5380000,0x00000007b5380000,0x00000007b6880000)
 ParOldGen       total 189952K, used 57142K [0x0000000760000000, 0x000000076b980000, 0x00000007a0000000)
  object space 189952K, 30% used [0x0000000760000000,0x00000007637cda38,0x000000076b980000)
 Metaspace       used 92733K, capacity 98278K, committed 99884K, reserved 1136640K
  class space    used 11492K, capacity 12449K, committed 12844K, reserved 1048576K
}

